nohup: ignoring input

> event-scheduling-app@0.0.0 dev
> vite --port 5173

Port 5173 is in use, trying another one...

  VITE v5.4.21  ready in 307 ms

  ➜  Local:   http://localhost:5174/
  ➜  Network: use --host to expose
8:00:28 AM [vite] hmr update /src/pages/Help.jsx, /src/index.css
8:00:36 AM [vite] hmr update /src/pages/Help.jsx, /src/index.css
8:01:00 AM [vite] hmr update /src/pages/Help.jsx, /src/index.css
8:01:00 AM [vite] Internal server error: /home/ghirschhorn/dev/antigravity-projects/event-scheduling-app/frontend/src/pages/Help.jsx: Expected corresponding JSX closing tag for <div>. (19:16)

  17 |                         </ul>
  18 |                     </section>
> 19 |                 </section>
     |                 ^
  20 |                 <section className="bg-slate-800 p-6 rounded-lg border border-slate-700">
  21 |                     <h2 className="text-xl font-bold text-blue-400 mb-2">2. Roster Sign-up Phase</h2>
  22 |                     <ul className="list-disc pl-5 text-gray-300 space-y-1">
  Plugin: vite:react-babel
  File: /home/ghirschhorn/dev/antigravity-projects/event-scheduling-app/frontend/src/pages/Help.jsx:19:16
  17 |                          </ul>
  18 |                      </section>
  19 |                  </section>
     |                  ^
  20 |                  <section className="bg-slate-800 p-6 rounded-lg border border-slate-700">
  21 |                      <h2 className="text-xl font-bold text-blue-400 mb-2">2. Roster Sign-up Phase</h2>
      at constructor (/home/ghirschhorn/dev/antigravity-projects/event-scheduling-app/frontend/node_modules/@babel/parser/lib/index.js:365:19)
      at JSXParserMixin.raise (/home/ghirschhorn/dev/antigravity-projects/event-scheduling-app/frontend/node_modules/@babel/parser/lib/index.js:6599:19)
      at JSXParserMixin.jsxParseElementAt (/home/ghirschhorn/dev/antigravity-projects/event-scheduling-app/frontend/node_modules/@babel/parser/lib/index.js:4727:16)
      at JSXParserMixin.jsxParseElementAt (/home/ghirschhorn/dev/antigravity-projects/event-scheduling-app/frontend/node_modules/@babel/parser/lib/index.js:4698:32)
      at JSXParserMixin.jsxParseElementAt (/home/ghirschhorn/dev/antigravity-projects/event-scheduling-app/frontend/node_modules/@babel/parser/lib/index.js:4698:32)
      at JSXParserMixin.jsxParseElement (/home/ghirschhorn/dev/antigravity-projects/event-scheduling-app/frontend/node_modules/@babel/parser/lib/index.js:4749:17)
      at JSXParserMixin.parseExprAtom (/home/ghirschhorn/dev/antigravity-projects/event-scheduling-app/frontend/node_modules/@babel/parser/lib/index.js:4759:19)
      at JSXParserMixin.parseExprSubscripts (/home/ghirschhorn/dev/antigravity-projects/event-scheduling-app/frontend/node_modules/@babel/parser/lib/index.js:11081:23)
      at JSXParserMixin.parseUpdate (/home/ghirschhorn/dev/antigravity-projects/event-scheduling-app/frontend/node_modules/@babel/parser/lib/index.js:11066:21)
      at JSXParserMixin.parseMaybeUnary (/home/ghirschhorn/dev/antigravity-projects/event-scheduling-app/frontend/node_modules/@babel/parser/lib/index.js:11046:23)
      at JSXParserMixin.parseMaybeUnaryOrPrivate (/home/ghirschhorn/dev/antigravity-projects/event-scheduling-app/frontend/node_modules/@babel/parser/lib/index.js:10899:61)
      at JSXParserMixin.parseExprOps (/home/ghirschhorn/dev/antigravity-projects/event-scheduling-app/frontend/node_modules/@babel/parser/lib/index.js:10904:23)
      at JSXParserMixin.parseMaybeConditional (/home/ghirschhorn/dev/antigravity-projects/event-scheduling-app/frontend/node_modules/@babel/parser/lib/index.js:10881:23)
      at JSXParserMixin.parseMaybeAssign (/home/ghirschhorn/dev/antigravity-projects/event-scheduling-app/frontend/node_modules/@babel/parser/lib/index.js:10831:21)
      at /home/ghirschhorn/dev/antigravity-projects/event-scheduling-app/frontend/node_modules/@babel/parser/lib/index.js:10800:39
      at JSXParserMixin.allowInAnd (/home/ghirschhorn/dev/antigravity-projects/event-scheduling-app/frontend/node_modules/@babel/parser/lib/index.js:12426:12)
      at JSXParserMixin.parseMaybeAssignAllowIn (/home/ghirschhorn/dev/antigravity-projects/event-scheduling-app/frontend/node_modules/@babel/parser/lib/index.js:10800:17)
      at JSXParserMixin.parseMaybeAssignAllowInOrVoidPattern (/home/ghirschhorn/dev/antigravity-projects/event-scheduling-app/frontend/node_modules/@babel/parser/lib/index.js:12493:17)
      at JSXParserMixin.parseParenAndDistinguishExpression (/home/ghirschhorn/dev/antigravity-projects/event-scheduling-app/frontend/node_modules/@babel/parser/lib/index.js:11675:28)
      at JSXParserMixin.parseExprAtom (/home/ghirschhorn/dev/antigravity-projects/event-scheduling-app/frontend/node_modules/@babel/parser/lib/index.js:11331:23)
      at JSXParserMixin.parseExprAtom (/home/ghirschhorn/dev/antigravity-projects/event-scheduling-app/frontend/node_modules/@babel/parser/lib/index.js:4764:20)
      at JSXParserMixin.parseExprSubscripts (/home/ghirschhorn/dev/antigravity-projects/event-scheduling-app/frontend/node_modules/@babel/parser/lib/index.js:11081:23)
      at JSXParserMixin.parseUpdate (/home/ghirschhorn/dev/antigravity-projects/event-scheduling-app/frontend/node_modules/@babel/parser/lib/index.js:11066:21)
      at JSXParserMixin.parseMaybeUnary (/home/ghirschhorn/dev/antigravity-projects/event-scheduling-app/frontend/node_modules/@babel/parser/lib/index.js:11046:23)
      at JSXParserMixin.parseMaybeUnaryOrPrivate (/home/ghirschhorn/dev/antigravity-projects/event-scheduling-app/frontend/node_modules/@babel/parser/lib/index.js:10899:61)
      at JSXParserMixin.parseExprOps (/home/ghirschhorn/dev/antigravity-projects/event-scheduling-app/frontend/node_modules/@babel/parser/lib/index.js:10904:23)
      at JSXParserMixin.parseMaybeConditional (/home/ghirschhorn/dev/antigravity-projects/event-scheduling-app/frontend/node_modules/@babel/parser/lib/index.js:10881:23)
      at JSXParserMixin.parseMaybeAssign (/home/ghirschhorn/dev/antigravity-projects/event-scheduling-app/frontend/node_modules/@babel/parser/lib/index.js:10831:21)
      at JSXParserMixin.parseExpressionBase (/home/ghirschhorn/dev/antigravity-projects/event-scheduling-app/frontend/node_modules/@babel/parser/lib/index.js:10784:23)
      at /home/ghirschhorn/dev/antigravity-projects/event-scheduling-app/frontend/node_modules/@babel/parser/lib/index.js:10780:39
      at JSXParserMixin.allowInAnd (/home/ghirschhorn/dev/antigravity-projects/event-scheduling-app/frontend/node_modules/@babel/parser/lib/index.js:12421:16)
      at JSXParserMixin.parseExpression (/home/ghirschhorn/dev/antigravity-projects/event-scheduling-app/frontend/node_modules/@babel/parser/lib/index.js:10780:17)
      at JSXParserMixin.parseReturnStatement (/home/ghirschhorn/dev/antigravity-projects/event-scheduling-app/frontend/node_modules/@babel/parser/lib/index.js:13142:28)
      at JSXParserMixin.parseStatementContent (/home/ghirschhorn/dev/antigravity-projects/event-scheduling-app/frontend/node_modules/@babel/parser/lib/index.js:12798:21)
      at JSXParserMixin.parseStatementLike (/home/ghirschhorn/dev/antigravity-projects/event-scheduling-app/frontend/node_modules/@babel/parser/lib/index.js:12767:17)
      at JSXParserMixin.parseStatementListItem (/home/ghirschhorn/dev/antigravity-projects/event-scheduling-app/frontend/node_modules/@babel/parser/lib/index.js:12747:17)
      at JSXParserMixin.parseBlockOrModuleBlockBody (/home/ghirschhorn/dev/antigravity-projects/event-scheduling-app/frontend/node_modules/@babel/parser/lib/index.js:13316:61)
      at JSXParserMixin.parseBlockBody (/home/ghirschhorn/dev/antigravity-projects/event-scheduling-app/frontend/node_modules/@babel/parser/lib/index.js:13309:10)
      at JSXParserMixin.parseBlock (/home/ghirschhorn/dev/antigravity-projects/event-scheduling-app/frontend/node_modules/@babel/parser/lib/index.js:13297:10)
      at JSXParserMixin.parseFunctionBody (/home/ghirschhorn/dev/antigravity-projects/event-scheduling-app/frontend/node_modules/@babel/parser/lib/index.js:12100:24)
      at JSXParserMixin.parseFunctionBodyAndFinish (/home/ghirschhorn/dev/antigravity-projects/event-scheduling-app/frontend/node_modules/@babel/parser/lib/index.js:12086:10)
      at /home/ghirschhorn/dev/antigravity-projects/event-scheduling-app/frontend/node_modules/@babel/parser/lib/index.js:13445:12
      at JSXParserMixin.withSmartMixTopicForbiddingContext (/home/ghirschhorn/dev/antigravity-projects/event-scheduling-app/frontend/node_modules/@babel/parser/lib/index.js:12403:14)
      at JSXParserMixin.parseFunction (/home/ghirschhorn/dev/antigravity-projects/event-scheduling-app/frontend/node_modules/@babel/parser/lib/index.js:13444:10)
      at JSXParserMixin.parseExportDefaultExpression (/home/ghirschhorn/dev/antigravity-projects/event-scheduling-app/frontend/node_modules/@babel/parser/lib/index.js:13907:19)
      at JSXParserMixin.parseExport (/home/ghirschhorn/dev/antigravity-projects/event-scheduling-app/frontend/node_modules/@babel/parser/lib/index.js:13828:25)
      at JSXParserMixin.parseStatementContent (/home/ghirschhorn/dev/antigravity-projects/event-scheduling-app/frontend/node_modules/@babel/parser/lib/index.js:12878:27)
      at JSXParserMixin.parseStatementLike (/home/ghirschhorn/dev/antigravity-projects/event-scheduling-app/frontend/node_modules/@babel/parser/lib/index.js:12767:17)
      at JSXParserMixin.parseModuleItem (/home/ghirschhorn/dev/antigravity-projects/event-scheduling-app/frontend/node_modules/@babel/parser/lib/index.js:12744:17)
      at JSXParserMixin.parseBlockOrModuleBlockBody (/home/ghirschhorn/dev/antigravity-projects/event-scheduling-app/frontend/node_modules/@babel/parser/lib/index.js:13316:36)
8:01:16 AM [vite] hmr update /src/pages/Help.jsx, /src/index.css
9:29:40 PM [vite] hmr update /src/App.jsx, /src/index.css
9:29:47 PM [vite] hmr update /src/components/Header.jsx, /src/index.css
9:31:40 PM [vite] hmr update /src/index.css, /src/pages/Dashboard.jsx
9:31:59 PM [vite] hmr update /src/pages/EventsListPage.jsx, /src/index.css
9:32:14 PM [vite] hmr update /src/pages/Dashboard.jsx, /src/index.css
