nohup: ignoring input
INFO:     Will watch for changes in these directories: ['/home/ghirschhorn/dev/antigravity-projects/event-scheduling-app/backend']
INFO:     Uvicorn running on http://127.0.0.1:8000 (Press CTRL+C to quit)
INFO:     Started reloader process [63067] using StatReload
INFO:     Started server process [63070]
INFO:     Waiting for application startup.
INFO:     Application startup complete.
Event 94c035fa-d37e-4603-ada2-75d2a92a4e60: Transitioning OPEN_FOR_RESERVES -> PRELIMINARY_ORDERING
Entering Preliminary Ordering for Event 94c035fa-d37e-4603-ada2-75d2a92a4e60: Randomizing Holding Queue...
Executing RPC for Preliminary Randomization (2 updates)...
Executing Batch Upsert for 2 records...
CRITICAL: DB Update Failed for Event 94c035fa-d37e-4603-ada2-75d2a92a4e60: {'message': 'null value in column "event_id" of relation "event_signups" violates not-null constraint', 'code': '23502', 'hint': None, 'details': 'Failing row contains (9a9547f0-117a-4f91-a211-202177cc26eb, null, null, WAITLIST_HOLDING, 1, 2026-02-16 22:57:11.361631+00, null).'}
INFO:     127.0.0.1:48112 - "POST /api/schedule HTTP/1.1" 200 OK
WARNING:  StatReload detected changes in 'main.py'. Reloading...
INFO:     Shutting down
INFO:     Waiting for application shutdown.
INFO:     Application shutdown complete.
INFO:     Finished server process [63070]
INFO:     Started server process [63301]
INFO:     Waiting for application startup.
INFO:     Application startup complete.
Event 94c035fa-d37e-4603-ada2-75d2a92a4e60: Transitioning OPEN_FOR_RESERVES -> PRELIMINARY_ORDERING
Entering Preliminary Ordering for Event 94c035fa-d37e-4603-ada2-75d2a92a4e60: Randomizing Holding Queue...
Executing RPC for Preliminary Randomization (2 updates)...
Executing Batch Upsert for 2 records...
CRITICAL: DB Update Failed for Event 94c035fa-d37e-4603-ada2-75d2a92a4e60: {'message': 'null value in column "user_id" of relation "event_signups" violates not-null constraint', 'code': '23502', 'hint': None, 'details': 'Failing row contains (9a9547f0-117a-4f91-a211-202177cc26eb, 94c035fa-d37e-4603-ada2-75d2a92a4e60, null, WAITLIST_HOLDING, 1, 2026-02-16 22:57:44.279472+00, null).'}
INFO:     127.0.0.1:45400 - "POST /api/schedule HTTP/1.1" 200 OK
WARNING:  StatReload detected changes in 'main.py'. Reloading...
INFO:     Shutting down
INFO:     Waiting for application shutdown.
INFO:     Application shutdown complete.
INFO:     Finished server process [63301]
INFO:     Started server process [63419]
INFO:     Waiting for application startup.
INFO:     Application startup complete.
Event 94c035fa-d37e-4603-ada2-75d2a92a4e60: Transitioning OPEN_FOR_RESERVES -> PRELIMINARY_ORDERING
Entering Preliminary Ordering for Event 94c035fa-d37e-4603-ada2-75d2a92a4e60: Randomizing Holding Queue...
Executing RPC for Preliminary Randomization (2 updates)...
Executing Batch Upsert for 2 records...
CRITICAL: DB Update Failed for Event 94c035fa-d37e-4603-ada2-75d2a92a4e60: {'message': 'null value in column "user_id" of relation "event_signups" violates not-null constraint', 'code': '23502', 'hint': None, 'details': 'Failing row contains (9a9547f0-117a-4f91-a211-202177cc26eb, 94c035fa-d37e-4603-ada2-75d2a92a4e60, null, WAITLIST_HOLDING, 1, 2026-02-16 22:58:08.859684+00, null).'}
INFO:     127.0.0.1:47500 - "POST /api/schedule HTTP/1.1" 200 OK
WARNING:  StatReload detected changes in 'main.py'. Reloading...
INFO:     Shutting down
INFO:     Waiting for application shutdown.
INFO:     Application shutdown complete.
INFO:     Finished server process [63419]
INFO:     Started server process [63579]
INFO:     Waiting for application startup.
INFO:     Application startup complete.
Event 94c035fa-d37e-4603-ada2-75d2a92a4e60: Transitioning OPEN_FOR_RESERVES -> PRELIMINARY_ORDERING
Entering Preliminary Ordering for Event 94c035fa-d37e-4603-ada2-75d2a92a4e60: Randomizing Holding Queue...
INFO:     127.0.0.1:46654 - "POST /api/schedule HTTP/1.1" 500 Internal Server Error
ERROR:    Exception in ASGI application
Traceback (most recent call last):
  File "/home/ghirschhorn/dev/antigravity-projects/event-scheduling-app/backend/.venv/lib/python3.12/site-packages/uvicorn/protocols/http/h11_impl.py", line 410, in run_asgi
    result = await app(  # type: ignore[func-returns-value]
             ^^^^^^^^^^^^^^^^^^^^^^^^^^^^^^^^^^^^^^^^^^^^^^
  File "/home/ghirschhorn/dev/antigravity-projects/event-scheduling-app/backend/.venv/lib/python3.12/site-packages/uvicorn/middleware/proxy_headers.py", line 60, in __call__
    return await self.app(scope, receive, send)
           ^^^^^^^^^^^^^^^^^^^^^^^^^^^^^^^^^^^^
  File "/home/ghirschhorn/dev/antigravity-projects/event-scheduling-app/backend/.venv/lib/python3.12/site-packages/fastapi/applications.py", line 1134, in __call__
    await super().__call__(scope, receive, send)
  File "/home/ghirschhorn/dev/antigravity-projects/event-scheduling-app/backend/.venv/lib/python3.12/site-packages/starlette/applications.py", line 107, in __call__
    await self.middleware_stack(scope, receive, send)
  File "/home/ghirschhorn/dev/antigravity-projects/event-scheduling-app/backend/.venv/lib/python3.12/site-packages/starlette/middleware/errors.py", line 186, in __call__
    raise exc
  File "/home/ghirschhorn/dev/antigravity-projects/event-scheduling-app/backend/.venv/lib/python3.12/site-packages/starlette/middleware/errors.py", line 164, in __call__
    await self.app(scope, receive, _send)
  File "/home/ghirschhorn/dev/antigravity-projects/event-scheduling-app/backend/.venv/lib/python3.12/site-packages/starlette/middleware/exceptions.py", line 63, in __call__
    await wrap_app_handling_exceptions(self.app, conn)(scope, receive, send)
  File "/home/ghirschhorn/dev/antigravity-projects/event-scheduling-app/backend/.venv/lib/python3.12/site-packages/starlette/_exception_handler.py", line 53, in wrapped_app
    raise exc
  File "/home/ghirschhorn/dev/antigravity-projects/event-scheduling-app/backend/.venv/lib/python3.12/site-packages/starlette/_exception_handler.py", line 42, in wrapped_app
    await app(scope, receive, sender)
  File "/home/ghirschhorn/dev/antigravity-projects/event-scheduling-app/backend/.venv/lib/python3.12/site-packages/fastapi/middleware/asyncexitstack.py", line 18, in __call__
    await self.app(scope, receive, send)
  File "/home/ghirschhorn/dev/antigravity-projects/event-scheduling-app/backend/.venv/lib/python3.12/site-packages/starlette/routing.py", line 716, in __call__
    await self.middleware_stack(scope, receive, send)
  File "/home/ghirschhorn/dev/antigravity-projects/event-scheduling-app/backend/.venv/lib/python3.12/site-packages/starlette/routing.py", line 736, in app
    await route.handle(scope, receive, send)
  File "/home/ghirschhorn/dev/antigravity-projects/event-scheduling-app/backend/.venv/lib/python3.12/site-packages/starlette/routing.py", line 290, in handle
    await self.app(scope, receive, send)
  File "/home/ghirschhorn/dev/antigravity-projects/event-scheduling-app/backend/.venv/lib/python3.12/site-packages/fastapi/routing.py", line 119, in app
    await wrap_app_handling_exceptions(app, request)(scope, receive, send)
  File "/home/ghirschhorn/dev/antigravity-projects/event-scheduling-app/backend/.venv/lib/python3.12/site-packages/starlette/_exception_handler.py", line 53, in wrapped_app
    raise exc
  File "/home/ghirschhorn/dev/antigravity-projects/event-scheduling-app/backend/.venv/lib/python3.12/site-packages/starlette/_exception_handler.py", line 42, in wrapped_app
    await app(scope, receive, sender)
  File "/home/ghirschhorn/dev/antigravity-projects/event-scheduling-app/backend/.venv/lib/python3.12/site-packages/fastapi/routing.py", line 105, in app
    response = await f(request)
               ^^^^^^^^^^^^^^^^
  File "/home/ghirschhorn/dev/antigravity-projects/event-scheduling-app/backend/.venv/lib/python3.12/site-packages/fastapi/routing.py", line 424, in app
    raw_response = await run_endpoint_function(
                   ^^^^^^^^^^^^^^^^^^^^^^^^^^^^
  File "/home/ghirschhorn/dev/antigravity-projects/event-scheduling-app/backend/.venv/lib/python3.12/site-packages/fastapi/routing.py", line 312, in run_endpoint_function
    return await dependant.call(**values)
           ^^^^^^^^^^^^^^^^^^^^^^^^^^^^^^
  File "/home/ghirschhorn/dev/antigravity-projects/event-scheduling-app/backend/main.py", line 924, in trigger_schedule
    "user_id": str(update["user_id"]),
                   ~~~~~~^^^^^^^^^^^
KeyError: 'user_id'
WARNING:  StatReload detected changes in 'logic.py'. Reloading...
INFO:     Shutting down
INFO:     Waiting for application shutdown.
INFO:     Application shutdown complete.
INFO:     Finished server process [63579]
INFO:     Started server process [63719]
INFO:     Waiting for application startup.
INFO:     Application startup complete.
Event 94c035fa-d37e-4603-ada2-75d2a92a4e60: Transitioning OPEN_FOR_RESERVES -> PRELIMINARY_ORDERING
Entering Preliminary Ordering for Event 94c035fa-d37e-4603-ada2-75d2a92a4e60: Randomizing Holding Queue...
Executing RPC for Preliminary Randomization (2 updates)...
Executing Batch Upsert for 2 records...
Updating Event Status to PRELIMINARY_ORDERING...
INFO:     127.0.0.1:45650 - "POST /api/schedule HTTP/1.1" 200 OK
WARNING:  StatReload detected changes in 'models.py'. Reloading...
INFO:     Shutting down
INFO:     Waiting for application shutdown.
INFO:     Application shutdown complete.
INFO:     Finished server process [63719]
INFO:     Started server process [73267]
INFO:     Waiting for application startup.
INFO:     Application startup complete.
WARNING:  StatReload detected changes in 'main.py'. Reloading...
INFO:     Shutting down
INFO:     Waiting for application shutdown.
INFO:     Application shutdown complete.
INFO:     Finished server process [73267]
INFO:     Started server process [75106]
INFO:     Waiting for application startup.
INFO:     Application startup complete.
WARNING:  StatReload detected changes in 'models.py'. Reloading...
INFO:     Shutting down
INFO:     Waiting for application shutdown.
INFO:     Application shutdown complete.
INFO:     Finished server process [75106]
INFO:     Started server process [79819]
INFO:     Waiting for application startup.
INFO:     Application startup complete.
WARNING:  StatReload detected changes in 'models.py'. Reloading...
INFO:     Shutting down
INFO:     Waiting for application shutdown.
INFO:     Application shutdown complete.
INFO:     Finished server process [79819]
INFO:     Started server process [79868]
INFO:     Waiting for application startup.
INFO:     Application startup complete.
WARNING:  StatReload detected changes in 'main.py'. Reloading...
INFO:     Shutting down
INFO:     Waiting for application shutdown.
INFO:     Application shutdown complete.
INFO:     Finished server process [79868]
INFO:     Started server process [79955]
INFO:     Waiting for application startup.
INFO:     Application startup complete.
WARNING:  StatReload detected changes in 'logic.py'. Reloading...
INFO:     Shutting down
INFO:     Waiting for application shutdown.
INFO:     Application shutdown complete.
INFO:     Finished server process [79955]
INFO:     Started server process [80084]
INFO:     Waiting for application startup.
INFO:     Application startup complete.
WARNING:  StatReload detected changes in 'logic.py'. Reloading...
INFO:     Shutting down
INFO:     Waiting for application shutdown.
INFO:     Application shutdown complete.
INFO:     Finished server process [80084]
INFO:     Started server process [80147]
INFO:     Waiting for application startup.
INFO:     Application startup complete.
WARNING:  StatReload detected changes in 'main.py'. Reloading...
INFO:     Shutting down
INFO:     Waiting for application shutdown.
INFO:     Application shutdown complete.
INFO:     Finished server process [80147]
INFO:     Started server process [80188]
INFO:     Waiting for application startup.
INFO:     Application startup complete.
WARNING:  StatReload detected changes in 'main.py'. Reloading...
INFO:     Shutting down
INFO:     Waiting for application shutdown.
INFO:     Application shutdown complete.
INFO:     Finished server process [80188]
INFO:     Started server process [80272]
INFO:     Waiting for application startup.
INFO:     Application startup complete.
Auth Error: invalid JWT: unable to parse or verify signature, token is malformed: token contains an invalid number of segments
INFO:     127.0.0.1:45880 - "GET /api/events HTTP/1.1" 401 Unauthorized
INFO:     127.0.0.1:48638 - "GET /api/health HTTP/1.1" 200 OK
INFO:     Shutting down
INFO:     Waiting for application shutdown.
INFO:     Application shutdown complete.
INFO:     Finished server process [80272]
INFO:     Stopping reloader process [63067]
